<?xml version="1.0" encoding="UTF-8"?>
<!-- Generated by org.testng.reporters.JUnitReportReporter -->
<testsuite hostname="DESKTOP-INPVF25" name="Asseration.TestCases" tests="1" failures="0" timestamp="27 Jun 2021 11:51:09 GMT" time="0.021" errors="0">
  <testcase name="Testone" time="0.021" classname="Asseration.TestCases"/>
</testsuite> <!-- Asseration.TestCases -->
