<?xml version="1.0" encoding="UTF-8"?>
<!-- Generated by org.testng.reporters.JUnitReportReporter -->
<testsuite hostname="DESKTOP-INPVF25" name="demoOne.JenkinsDemo.Handle_Window_popup_MultiWindowPartOne" tests="1" failures="0" timestamp="14 Jun 2021 20:57:19 GMT" time="23.421" errors="0">
  <testcase name="Handel_Window" time="23.421" classname="demoOne.JenkinsDemo.Handle_Window_popup_MultiWindowPartOne"/>
</testsuite> <!-- demoOne.JenkinsDemo.Handle_Window_popup_MultiWindowPartOne -->
