<?xml version="1.0" encoding="UTF-8"?>
<!-- Generated by org.testng.reporters.JUnitReportReporter -->
<testsuite hostname="DESKTOP-INPVF25" name="demoOne.JenkinsDemo.DemoTest" tests="1" failures="0" timestamp="14 Jun 2021 16:59:33 GMT" time="24.628" errors="0">
  <testcase name="sum" time="24.628" classname="demoOne.JenkinsDemo.DemoTest"/>
</testsuite> <!-- demoOne.JenkinsDemo.DemoTest -->
