<?xml version="1.0" encoding="UTF-8"?>
<!-- Generated by org.testng.reporters.JUnitReportReporter -->
<testsuite hostname="DESKTOP-INPVF25" name="demoOne.JenkinsDemo.Handle_Window_popup_MultiWindow" tests="1" failures="0" timestamp="14 Jun 2021 17:25:19 GMT" time="20.206" errors="0">
  <testcase name="Handel_Window" time="20.206" classname="demoOne.JenkinsDemo.Handle_Window_popup_MultiWindow"/>
</testsuite> <!-- demoOne.JenkinsDemo.Handle_Window_popup_MultiWindow -->
