<?xml version="1.0" encoding="UTF-8"?>
<!-- Generated by org.testng.reporters.JUnitReportReporter -->
<testsuite hostname="DESKTOP-INPVF25" name="ReadExcelDataStoreInHasMap.ReadExceHashMap" tests="1" failures="0" timestamp="27 Jun 2021 07:52:29 GMT" time="242.209" errors="0">
  <testcase name="getTestData" time="242.209" classname="ReadExcelDataStoreInHasMap.ReadExceHashMap"/>
</testsuite> <!-- ReadExcelDataStoreInHasMap.ReadExceHashMap -->
