<?xml version="1.0" encoding="UTF-8"?>
<!-- Generated by org.testng.reporters.JUnitReportReporter -->
<testsuite hostname="DESKTOP-INPVF25" name="demoOne.JenkinsDemo.GoogleDocone" tests="1" failures="0" timestamp="18 Dec 2020 15:59:35 GMT" time="57.548" errors="0">
  <testcase name="GoogleDocuments" time="57.548" classname="demoOne.JenkinsDemo.GoogleDocone"/>
</testsuite> <!-- demoOne.JenkinsDemo.GoogleDocone -->
