<?xml version="1.0" encoding="UTF-8"?>
<!-- Generated by org.testng.reporters.JUnitReportReporter -->
<testsuite hostname="DESKTOP-INPVF25" name="demoOne.JenkinsDemo.GoogleDoc" tests="1" failures="0" timestamp="18 Dec 2020 16:15:19 GMT" time="16.575" errors="0">
  <testcase name="GoogleDocuments" time="16.575" classname="demoOne.JenkinsDemo.GoogleDoc"/>
</testsuite> <!-- demoOne.JenkinsDemo.GoogleDoc -->
