<?xml version="1.0" encoding="UTF-8"?>
<!-- Generated by org.testng.reporters.JUnitReportReporter -->
<testsuite hostname="DESKTOP-INPVF25" name="demoOne.JenkinsDemo.Handle_Window_popup_MultiWindowPartTwo" tests="1" failures="0" timestamp="15 Jun 2021 09:51:08 GMT" time="23.637" errors="0">
  <testcase name="Handel_Window" time="23.637" classname="demoOne.JenkinsDemo.Handle_Window_popup_MultiWindowPartTwo"/>
</testsuite> <!-- demoOne.JenkinsDemo.Handle_Window_popup_MultiWindowPartTwo -->
