<?xml version="1.0" encoding="UTF-8"?>
<!-- Generated by org.testng.reporters.JUnitReportReporter -->
<testsuite hostname="DESKTOP-INPVF25" name="demoOne.JenkinsDemo.FileUpload" tests="1" failures="0" timestamp="15 Jun 2021 11:51:37 GMT" time="13.389" errors="0">
  <testcase name="Fileupload" time="13.389" classname="demoOne.JenkinsDemo.FileUpload"/>
</testsuite> <!-- demoOne.JenkinsDemo.FileUpload -->
