<?xml version="1.0" encoding="UTF-8"?>
<!-- Generated by org.testng.reporters.JUnitReportReporter -->
<testsuite skipped="0" hostname="DESKTOP-INPVF25" name="ReadExcelDataStoreInHasMap.ReadExceHashMap" tests="1" failures="0" timestamp="26 Jun 2021 16:19:01 GMT" time="0.743" errors="0">
  <testcase name="getTestData" time="0.743" classname="ReadExcelDataStoreInHasMap.ReadExceHashMap"/>
</testsuite> <!-- ReadExcelDataStoreInHasMap.ReadExceHashMap -->
